<?xml version="1.0" encoding="UTF-8" ?>
<testsuite errors="0" failures="0" hostname="LAPTOP-99B51EFO" name="it.unibas.ricette.test.OperatoreTest" skipped="0" tests="1" time="0.25" timestamp="2022-06-10T17:29:57">
  <properties>
[...]
</properties>
  <testcase classname="it.unibas.ricette.test.OperatoreTest" name="testGeneraRicette" time="0.172" />
  <system-out><![CDATA[*********************************************
2022-06-10 19:29:57,803 DEBUG it.unibas.ricette.modello.Ricetta 
Ricetta: 111
Prestazioni:[nomeprestazione(tipologiaDaSelezionare), nomeprestazione(tipologiaDaSelezionare), nomeprestazione(tipologiaDaSelezionare)]
2022-06-10 19:29:57,803 DEBUG it.unibas.ricette.modello.Ricetta 
Ricetta: 222
Prestazioni:[nomeprestazione(tipologiadaignorare)]
2022-06-10 19:29:57,803 DEBUG it.unibas.ricette.modello.Ricetta 
Ricetta: 111
Prestazioni:[nomeprestazionesecondaselezionata(secondaTipologia), nomeprestazionesecondaselezionata(secondaTipologia)]
2022-06-10 19:29:57,803 DEBUG it.unibas.ricette.modello.Ricetta 
Ricetta: 222
Prestazioni:[terza ma non deve essere selezionata(terzaTipologia)]
2022-06-10 19:29:57,803 DEBUG it.unibas.ricette.modello.Ricetta 
Ricetta: 222
Prestazioni:[da ignorare perché supera in numero la tipologia di partenza(quartatipologia), da ignorare perché supera in numero la tipologia di partenza(tipologiaTroppoNumerosa), da ignorare perché supera in numero la tipologia di partenza(tipologiaTroppoNumerosa), da ignorare perché supera in numero la tipologia di partenza(tipologiaTroppoNumerosa), da ignorare perché supera in numero la tipologia di partenza(tipologiaTroppoNumerosa), da ignorare perché supera in numero la tipologia di partenza(tipologiaTroppoNumerosa)]
2022-06-10 19:29:57,803 DEBUG it.unibas.ricette.modello.OperatoreRicette 
Seconda tipologia scelta =secondaTipologia
2022-06-10 19:29:57,803 DEBUG it.unibas.ricette.modello.Ricetta 
Ricetta: 111
Prestazioni:[nomeprestazione(tipologiaDaSelezionare), nomeprestazione(tipologiaDaSelezionare), nomeprestazione(tipologiaDaSelezionare)]
2022-06-10 19:29:57,803 DEBUG it.unibas.ricette.modello.Ricetta 
Ricetta: 222
Prestazioni:[nomeprestazione(tipologiadaignorare)]
2022-06-10 19:29:57,803 DEBUG it.unibas.ricette.modello.Ricetta 
Ricetta: 111
Prestazioni:[nomeprestazionesecondaselezionata(secondaTipologia), nomeprestazionesecondaselezionata(secondaTipologia)]
2022-06-10 19:29:57,803 DEBUG it.unibas.ricette.modello.Ricetta 
Ricetta: 222
Prestazioni:[terza ma non deve essere selezionata(terzaTipologia)]
2022-06-10 19:29:57,803 DEBUG it.unibas.ricette.modello.Ricetta 
Ricetta: 222
Prestazioni:[da ignorare perché supera in numero la tipologia di partenza(quartatipologia), da ignorare perché supera in numero la tipologia di partenza(tipologiaTroppoNumerosa), da ignorare perché supera in numero la tipologia di partenza(tipologiaTroppoNumerosa), da ignorare perché supera in numero la tipologia di partenza(tipologiaTroppoNumerosa), da ignorare perché supera in numero la tipologia di partenza(tipologiaTroppoNumerosa), da ignorare perché supera in numero la tipologia di partenza(tipologiaTroppoNumerosa)]
2022-06-10 19:29:57,803 DEBUG it.unibas.ricette.modello.OperatoreRicette 
Prestazioni più frequenti =[it.unibas.ricette.modello.PrestazioneFrequenza@5e57643e]
2022-06-10 19:29:57,803 DEBUG it.unibas.ricette.modello.OperatoreRicette 
Prestazioni suggerite =[nomeprestazionesecondaselezionata(secondaTipologia)]
secondaTipologia
]]></system-out>
  <system-err><![CDATA[]]></system-err>
</testsuite>
